<?xml version="1.0" encoding="UTF-8"?>
<!-- Generated by org.testng.reporters.JUnitXMLReporter -->
<testsuite hostname="Lenovo" ignored="0" name="Default test" tests="3" failures="0" timestamp="11 Dec 2020 11:41:32 GMT" time="0.261" errors="0">
  <testcase name="tc1" time="0.071" classname="org.unit.testing.TestJava"/>
  <testcase name="tca" time="0.0" classname="org.unit.testing.TestJava"/>
  <testcase name="tcd" time="0.016" classname="org.unit.testing.TestJava"/>
</testsuite> <!-- Default test -->
