<?xml version="1.0" encoding="UTF-8"?>
<testng-results skipped="0" failed="0" ignored="0" total="3" passed="3">
  <reporter-output>
  </reporter-output>
  <suite name="Default suite" duration-ms="261" started-at="2020-12-11T11:41:32Z" finished-at="2020-12-11T11:41:32Z">
    <groups>
    </groups>
    <test name="Default test" duration-ms="261" started-at="2020-12-11T11:41:32Z" finished-at="2020-12-11T11:41:32Z">
      <class name="org.unit.testing.TestJava">
        <test-method status="PASS" signature="tc1()[pri:0, instance:org.unit.testing.TestJava@29ee9faa]" name="tc1" duration-ms="71" started-at="2020-12-11T11:41:32Z" finished-at="2020-12-11T11:41:32Z">
          <reporter-output>
          </reporter-output>
        </test-method> <!-- tc1 -->
        <test-method status="PASS" signature="tca()[pri:0, instance:org.unit.testing.TestJava@29ee9faa]" name="tca" duration-ms="0" started-at="2020-12-11T11:41:32Z" finished-at="2020-12-11T11:41:32Z">
          <reporter-output>
          </reporter-output>
        </test-method> <!-- tca -->
        <test-method status="PASS" signature="tcd()[pri:0, instance:org.unit.testing.TestJava@29ee9faa]" name="tcd" duration-ms="16" started-at="2020-12-11T11:41:32Z" finished-at="2020-12-11T11:41:32Z">
          <reporter-output>
          </reporter-output>
        </test-method> <!-- tcd -->
      </class> <!-- org.unit.testing.TestJava -->
    </test> <!-- Default test -->
  </suite> <!-- Default suite -->
</testng-results>
